{
  "Plan": {
    "Node Type": "Nested Loop",
    "Parallel Aware": false,
    "Join Type": "Inner",
    "Startup Cost": 99.24,
    "Total Cost": 6093.08,
    "Plan Rows": 3,
    "Plan Width": 186,
    "Actual Startup Time": 19.752,
    "Actual Total Time": 318.338,
    "Actual Rows": 19,
    "Actual Loops": 1,
    "Output": ["rp.lon", "rp.lat", "rp.speed", "rp.heading", "to_char(timezone(($1)::text, rp.created_at), 'DD/MM/YY HH24:MI:SS'::text)", "users.cid", "users.cid", "users.name", "users.phone_no", "users.company", "COALESCE(NULLIF((roles.name)::text, ''::text), (users.description)::text)", "users.truck_no", "users.truck_wheel_count", "CASE WHEN ((roles.name)::text = 'Concrete truck'::text) THEN (SubPlan 6) ELSE false END", "CASE WHEN ((roles.properties ->> 'is_machine'::text))::boolean THEN (SubPlan 8) ELSE '[]'::json END"],
    "Shared Hit Blocks": 27333,
    "Shared Read Blocks": 0,
    "Shared Dirtied Blocks": 0,
    "Shared Written Blocks": 0,
    "Local Hit Blocks": 0,
    "Local Read Blocks": 0,
    "Local Dirtied Blocks": 0,
    "Local Written Blocks": 0,
    "Temp Read Blocks": 0,
    "Temp Written Blocks": 0,
    "Plans": [
    {
        "Node Type": "WindowAgg",
        "Parent Relationship": "InitPlan",
        "Subplan Name": "CTE recent_positions",
        "Parallel Aware": false,
        "Startup Cost": 86.11,
        "Total Cost": 96.67,
        "Plan Rows": 528,
        "Plan Width": 148,
        "Actual Startup Time": 4.305,
        "Actual Total Time": 5.745,
        "Actual Rows": 1847,
        "Actual Loops": 1,
        "Output": ["positions.id", "positions.user_id", "positions.lon", "positions.lat", "positions.accuracy", "positions.created_at", "positions.project_id", "positions.recorded_at", "positions.speed", "positions.heading", "positions.altitude", "positions.altitude_accuracy", "positions.accel", "row_number() OVER (?)"],
        "Shared Hit Blocks": 2419,
        "Shared Read Blocks": 0,
        "Shared Dirtied Blocks": 0,
        "Shared Written Blocks": 0,
        "Local Hit Blocks": 0,
        "Local Read Blocks": 0,
        "Local Dirtied Blocks": 0,
        "Local Written Blocks": 0,
        "Temp Read Blocks": 0,
        "Temp Written Blocks": 0,
        "Plans": [
        {
            "Node Type": "Sort",
            "Parent Relationship": "Outer",
            "Parallel Aware": false,
            "Startup Cost": 86.11,
            "Total Cost": 87.43,
            "Plan Rows": 528,
            "Plan Width": 140,
            "Actual Startup Time": 4.291,
            "Actual Total Time": 4.707,
            "Actual Rows": 1847,
            "Actual Loops": 1,
            "Output": ["positions.user_id", "positions.created_at", "positions.id", "positions.lon", "positions.lat", "positions.accuracy", "positions.project_id", "positions.recorded_at", "positions.speed", "positions.heading", "positions.altitude", "positions.altitude_accuracy", "positions.accel"],
            "Sort Key": ["positions.user_id", "positions.created_at DESC"],
            "Sort Method": "quicksort",
            "Sort Space Used": 539,
            "Sort Space Type": "Memory",
            "Shared Hit Blocks": 2419,
            "Shared Read Blocks": 0,
            "Shared Dirtied Blocks": 0,
            "Shared Written Blocks": 0,
            "Local Hit Blocks": 0,
            "Local Read Blocks": 0,
            "Local Dirtied Blocks": 0,
            "Local Written Blocks": 0,
            "Temp Read Blocks": 0,
            "Temp Written Blocks": 0,
            "Plans": [
            {
                "Node Type": "Index Scan",
                "Parent Relationship": "Outer",
                "Parallel Aware": false,
                "Scan Direction": "Forward",
                "Index Name": "positions_on_created_at",
                "Relation Name": "positions",
                "Schema": "public",
                "Alias": "positions",
                "Startup Cost": 0.43,
                "Total Cost": 62.24,
                "Plan Rows": 528,
                "Plan Width": 140,
                "Actual Startup Time": 0.079,
                "Actual Total Time": 2.773,
                "Actual Rows": 1847,
                "Actual Loops": 1,
                "Output": ["positions.user_id", "positions.created_at", "positions.id", "positions.lon", "positions.lat", "positions.accuracy", "positions.project_id", "positions.recorded_at", "positions.speed", "positions.heading", "positions.altitude", "positions.altitude_accuracy", "positions.accel"],
                "Index Cond": "((positions.created_at >= '2016-10-19 21:40:00'::timestamp without time zone) AND (positions.created_at < '2016-10-19 22:00:00+00'::timestamp with time zone))",
                "Rows Removed by Index Recheck": 0,
                "Filter": "((positions.user_id <> 1194) AND (positions.project_id = 17))",
                "Rows Removed by Filter": 714,
                "Shared Hit Blocks": 2413,
                "Shared Read Blocks": 0,
                "Shared Dirtied Blocks": 0,
                "Shared Written Blocks": 0,
                "Local Hit Blocks": 0,
                "Local Read Blocks": 0,
                "Local Dirtied Blocks": 0,
                "Local Written Blocks": 0,
                "Temp Read Blocks": 0,
                "Temp Written Blocks": 0
            }
            ]
        }
        ]
    },
    {
        "Node Type": "Seq Scan",
        "Parent Relationship": "InitPlan",
        "Subplan Name": "InitPlan 2 (returns $1)",
        "Parallel Aware": false,
        "Relation Name": "projects",
        "Schema": "public",
        "Alias": "projects",
        "Startup Cost": 0.00,
        "Total Cost": 2.29,
        "Plan Rows": 1,
        "Plan Width": 32,
        "Actual Startup Time": 0.019,
        "Actual Total Time": 0.023,
        "Actual Rows": 1,
        "Actual Loops": 1,
        "Output": ["projects.timezone"],
        "Filter": "(projects.id = 17)",
        "Rows Removed by Filter": 22,
        "Shared Hit Blocks": 2,
        "Shared Read Blocks": 0,
        "Shared Dirtied Blocks": 0,
        "Shared Written Blocks": 0,
        "Local Hit Blocks": 0,
        "Local Read Blocks": 0,
        "Local Dirtied Blocks": 0,
        "Local Written Blocks": 0,
        "Temp Read Blocks": 0,
        "Temp Written Blocks": 0
    },
    {
        "Node Type": "Nested Loop",
        "Parent Relationship": "Outer",
        "Parallel Aware": false,
        "Join Type": "Inner",
        "Startup Cost": 0.15,
        "Total Cost": 72.38,
        "Plan Rows": 3,
        "Plan Width": 109,
        "Actual Startup Time": 8.739,
        "Actual Total Time": 112.124,
        "Actual Rows": 19,
        "Actual Loops": 1,
        "Output": ["rp.lon", "rp.lat", "rp.speed", "rp.heading", "rp.created_at", "rp.user_id", "users.cid", "users.name", "users.phone_no", "users.company", "users.description", "users.truck_no", "users.truck_wheel_count", "users.role_id"],
        "Join Filter": "(rp.user_id = users.id)",
        "Rows Removed by Join Filter": 6517,
        "Shared Hit Blocks": 2705,
        "Shared Read Blocks": 0,
        "Shared Dirtied Blocks": 0,
        "Shared Written Blocks": 0,
        "Local Hit Blocks": 0,
        "Local Read Blocks": 0,
        "Local Dirtied Blocks": 0,
        "Local Written Blocks": 0,
        "Temp Read Blocks": 0,
        "Temp Written Blocks": 0,
        "Plans": [
        {
            "Node Type": "Index Scan",
            "Parent Relationship": "Outer",
            "Parallel Aware": false,
            "Scan Direction": "Forward",
            "Index Name": "users_cid_key",
            "Relation Name": "users",
            "Schema": "public",
            "Alias": "users",
            "Startup Cost": 0.15,
            "Total Cost": 37.31,
            "Plan Rows": 344,
            "Plan Width": 65,
            "Actual Startup Time": 0.033,
            "Actual Total Time": 0.529,
            "Actual Rows": 344,
            "Actual Loops": 1,
            "Output": ["users.id", "users.name", "users.created_at", "users.updated_at", "users.project_id", "users.phone_no", "users.company", "users.cid", "users.truck_no", "users.truck_wheel_count", "users.role_id", "users.description"],
            "Shared Hit Blocks": 286,
            "Shared Read Blocks": 0,
            "Shared Dirtied Blocks": 0,
            "Shared Written Blocks": 0,
            "Local Hit Blocks": 0,
            "Local Read Blocks": 0,
            "Local Dirtied Blocks": 0,
            "Local Written Blocks": 0,
            "Temp Read Blocks": 0,
            "Temp Written Blocks": 0
        },
        {
            "Node Type": "CTE Scan",
            "Parent Relationship": "Inner",
            "Parallel Aware": false,
            "CTE Name": "recent_positions",
            "Alias": "rp",
            "Startup Cost": 0.00,
            "Total Cost": 11.88,
            "Plan Rows": 3,
            "Plan Width": 52,
            "Actual Startup Time": 0.013,
            "Actual Total Time": 0.322,
            "Actual Rows": 19,
            "Actual Loops": 344,
            "Output": ["rp.id", "rp.user_id", "rp.lon", "rp.lat", "rp.accuracy", "rp.created_at", "rp.project_id", "rp.recorded_at", "rp.speed", "rp.heading", "rp.altitude", "rp.altitude_accuracy", "rp.accel", "rp.index"],
            "Filter": "(rp.index = 1)",
            "Rows Removed by Filter": 1828,
            "Shared Hit Blocks": 2419,
            "Shared Read Blocks": 0,
            "Shared Dirtied Blocks": 0,
            "Shared Written Blocks": 0,
            "Local Hit Blocks": 0,
            "Local Read Blocks": 0,
            "Local Dirtied Blocks": 0,
            "Local Written Blocks": 0,
            "Temp Read Blocks": 0,
            "Temp Written Blocks": 0
        }
        ]
    },
    {
        "Node Type": "Index Scan",
        "Parent Relationship": "Inner",
        "Parallel Aware": false,
        "Scan Direction": "Forward",
        "Index Name": "roles_pkey",
        "Relation Name": "roles",
        "Schema": "public",
        "Alias": "roles",
        "Startup Cost": 0.14,
        "Total Cost": 0.19,
        "Plan Rows": 1,
        "Plan Width": 72,
        "Actual Startup Time": 0.006,
        "Actual Total Time": 0.007,
        "Actual Rows": 1,
        "Actual Loops": 19,
        "Output": ["roles.id", "roles.name", "roles.properties"],
        "Index Cond": "(roles.id = users.role_id)",
        "Rows Removed by Index Recheck": 0,
        "Shared Hit Blocks": 38,
        "Shared Read Blocks": 0,
        "Shared Dirtied Blocks": 0,
        "Shared Written Blocks": 0,
        "Local Hit Blocks": 0,
        "Local Read Blocks": 0,
        "Local Dirtied Blocks": 0,
        "Local Written Blocks": 0,
        "Temp Read Blocks": 0,
        "Temp Written Blocks": 0
    },
    {
        "Node Type": "CTE Scan",
        "Parent Relationship": "SubPlan",
        "Subplan Name": "SubPlan 6",
        "Parallel Aware": false,
        "CTE Name": "status",
        "Alias": "status",
        "Startup Cost": 1955.51,
        "Total Cost": 1955.53,
        "Plan Rows": 1,
        "Plan Width": 1,
        "Actual Startup Time": 11.953,
        "Actual Total Time": 11.954,
        "Actual Rows": 1,
        "Actual Loops": 16,
        "Output": ["COALESCE(status.is_loaded, false)"],
        "Shared Hit Blocks": 24586,
        "Shared Read Blocks": 0,
        "Shared Dirtied Blocks": 0,
        "Shared Written Blocks": 0,
        "Local Hit Blocks": 0,
        "Local Read Blocks": 0,
        "Local Dirtied Blocks": 0,
        "Local Written Blocks": 0,
        "Temp Read Blocks": 0,
        "Temp Written Blocks": 0,
        "Plans": [
        {
            "Node Type": "Aggregate",
            "Strategy": "Plain",
            "Partial Mode": "Simple",
            "Parent Relationship": "InitPlan",
            "Subplan Name": "CTE status",
            "Parallel Aware": false,
            "Startup Cost": 1955.49,
            "Total Cost": 1955.51,
            "Plan Rows": 1,
            "Plan Width": 1,
            "Actual Startup Time": 11.950,
            "Actual Total Time": 11.950,
            "Actual Rows": 1,
            "Actual Loops": 16,
            "Output": ["((last(beacon_roles.name ORDER BY beacon_events.created_at))::text = 'Batch plant'::text)"],
            "Shared Hit Blocks": 24586,
            "Shared Read Blocks": 0,
            "Shared Dirtied Blocks": 0,
            "Shared Written Blocks": 0,
            "Local Hit Blocks": 0,
            "Local Read Blocks": 0,
            "Local Dirtied Blocks": 0,
            "Local Written Blocks": 0,
            "Temp Read Blocks": 0,
            "Temp Written Blocks": 0,
            "Plans": [
            {
                "Node Type": "Seq Scan",
                "Parent Relationship": "InitPlan",
                "Subplan Name": "InitPlan 3 (returns $2)",
                "Parallel Aware": false,
                "Relation Name": "projects",
                "Schema": "public",
                "Alias": "projects_1",
                "Startup Cost": 0.00,
                "Total Cost": 2.29,
                "Plan Rows": 1,
                "Plan Width": 32,
                "Actual Startup Time": 0.007,
                "Actual Total Time": 0.008,
                "Actual Rows": 1,
                "Actual Loops": 1,
                "Output": ["projects_1.timezone"],
                "Filter": "(projects_1.id = 17)",
                "Rows Removed by Filter": 22,
                "Shared Hit Blocks": 2,
                "Shared Read Blocks": 0,
                "Shared Dirtied Blocks": 0,
                "Shared Written Blocks": 0,
                "Local Hit Blocks": 0,
                "Local Read Blocks": 0,
                "Local Dirtied Blocks": 0,
                "Local Written Blocks": 0,
                "Temp Read Blocks": 0,
                "Temp Written Blocks": 0
            },
            {
                "Node Type": "Seq Scan",
                "Parent Relationship": "InitPlan",
                "Subplan Name": "InitPlan 4 (returns $3)",
                "Parallel Aware": false,
                "Relation Name": "projects",
                "Schema": "public",
                "Alias": "projects_2",
                "Startup Cost": 0.00,
                "Total Cost": 2.29,
                "Plan Rows": 1,
                "Plan Width": 32,
                "Actual Startup Time": 0.003,
                "Actual Total Time": 0.004,
                "Actual Rows": 1,
                "Actual Loops": 1,
                "Output": ["projects_2.timezone"],
                "Filter": "(projects_2.id = 17)",
                "Rows Removed by Filter": 22,
                "Shared Hit Blocks": 2,
                "Shared Read Blocks": 0,
                "Shared Dirtied Blocks": 0,
                "Shared Written Blocks": 0,
                "Local Hit Blocks": 0,
                "Local Read Blocks": 0,
                "Local Dirtied Blocks": 0,
                "Local Written Blocks": 0,
                "Temp Read Blocks": 0,
                "Temp Written Blocks": 0
            },
            {
                "Node Type": "Nested Loop",
                "Parent Relationship": "Outer",
                "Parallel Aware": false,
                "Join Type": "Inner",
                "Startup Cost": 266.17,
                "Total Cost": 1938.42,
                "Plan Rows": 50,
                "Plan Width": 40,
                "Actual Startup Time": 3.049,
                "Actual Total Time": 10.528,
                "Actual Rows": 863,
                "Actual Loops": 16,
                "Output": ["beacon_roles.name", "beacon_events.created_at"],
                "Shared Hit Blocks": 24582,
                "Shared Read Blocks": 0,
                "Shared Dirtied Blocks": 0,
                "Shared Written Blocks": 0,
                "Local Hit Blocks": 0,
                "Local Read Blocks": 0,
                "Local Dirtied Blocks": 0,
                "Local Written Blocks": 0,
                "Temp Read Blocks": 0,
                "Temp Written Blocks": 0,
                "Plans": [
                {
                    "Node Type": "Seq Scan",
                    "Parent Relationship": "Outer",
                    "Parallel Aware": false,
                    "Relation Name": "beacon_roles",
                    "Schema": "public",
                    "Alias": "beacon_roles",
                    "Startup Cost": 0.00,
                    "Total Cost": 1.17,
                    "Plan Rows": 2,
                    "Plan Width": 40,
                    "Actual Startup Time": 0.004,
                    "Actual Total Time": 0.010,
                    "Actual Rows": 2,
                    "Actual Loops": 16,
                    "Output": ["beacon_roles.id", "beacon_roles.name", "beacon_roles.properties", "beacon_roles.created_at", "beacon_roles.updated_at", "beacon_roles.deleted_at"],
                    "Filter": "(((beacon_roles.name)::text = 'Batch plant'::text) OR ((beacon_roles.name)::text = 'Paver'::text))",
                    "Rows Removed by Filter": 9,
                    "Shared Hit Blocks": 16,
                    "Shared Read Blocks": 0,
                    "Shared Dirtied Blocks": 0,
                    "Shared Written Blocks": 0,
                    "Local Hit Blocks": 0,
                    "Local Read Blocks": 0,
                    "Local Dirtied Blocks": 0,
                    "Local Written Blocks": 0,
                    "Temp Read Blocks": 0,
                    "Temp Written Blocks": 0
                },
                {
                    "Node Type": "Bitmap Heap Scan",
                    "Parent Relationship": "Inner",
                    "Parallel Aware": false,
                    "Relation Name": "beacon_events",
                    "Schema": "public",
                    "Alias": "beacon_events",
                    "Startup Cost": 266.17,
                    "Total Cost": 968.62,
                    "Plan Rows": 1,
                    "Plan Width": 20,
                    "Actual Startup Time": 2.937,
                    "Actual Total Time": 5.178,
                    "Actual Rows": 432,
                    "Actual Loops": 32,
                    "Output": ["beacon_events.id", "beacon_events.type", "beacon_events.properties", "beacon_events.user_id", "beacon_events.project_id", "beacon_events.beacon_id", "beacon_events.\"position\"", "beacon_events.created_at", "beacon_events.updated_at", "beacon_events.recorded_at", "beacon_events.role_id", "beacon_events.name", "beacon_events.description"],
                    "Recheck Cond": "((beacon_events.user_id = rp.user_id) AND (beacon_events.role_id = beacon_roles.id))",
                    "Rows Removed by Index Recheck": 0,
                    "Filter": "((beacon_events.project_id = 17) AND ((beacon_events.type = 'exit'::beacon_event_type) OR (beacon_events.type = 'entry'::beacon_event_type)) AND (timezone(($2)::text, beacon_events.created_at) >= date_trunc('day'::text, timezone(($3)::text, '2016-10-19 22:00:00'::timestamp without time zone))) AND (((beacon_events.type = 'exit'::beacon_event_type) AND ((beacon_roles.name)::text = 'Batch plant'::text)) OR ((beacon_events.type = 'entry'::beacon_event_type) AND ((beacon_roles.name)::text = 'Paver'::text))))",
                    "Rows Removed by Filter": 636,
                    "Exact Heap Blocks": 22118,
                    "Lossy Heap Blocks": 0,
                    "Shared Hit Blocks": 24566,
                    "Shared Read Blocks": 0,
                    "Shared Dirtied Blocks": 0,
                    "Shared Written Blocks": 0,
                    "Local Hit Blocks": 0,
                    "Local Read Blocks": 0,
                    "Local Dirtied Blocks": 0,
                    "Local Written Blocks": 0,
                    "Temp Read Blocks": 0,
                    "Temp Written Blocks": 0,
                    "Plans": [
                    {
                        "Node Type": "BitmapAnd",
                        "Parent Relationship": "Outer",
                        "Parallel Aware": false,
                        "Startup Cost": 266.17,
                        "Total Cost": 266.17,
                        "Plan Rows": 222,
                        "Plan Width": 0,
                        "Actual Startup Time": 2.450,
                        "Actual Total Time": 2.450,
                        "Actual Rows": 0,
                        "Actual Loops": 32,
                        "Shared Hit Blocks": 2444,
                        "Shared Read Blocks": 0,
                        "Shared Dirtied Blocks": 0,
                        "Shared Written Blocks": 0,
                        "Local Hit Blocks": 0,
                        "Local Read Blocks": 0,
                        "Local Dirtied Blocks": 0,
                        "Local Written Blocks": 0,
                        "Temp Read Blocks": 0,
                        "Temp Written Blocks": 0,
                        "Plans": [
                        {
                            "Node Type": "Bitmap Index Scan",
                            "Parent Relationship": "Member",
                            "Parallel Aware": false,
                            "Index Name": "beacon_events_on_user_id",
                            "Startup Cost": 0.00,
                            "Total Cost": 33.71,
                            "Plan Rows": 1772,
                            "Plan Width": 0,
                            "Actual Startup Time": 0.525,
                            "Actual Total Time": 0.525,
                            "Actual Rows": 4866,
                            "Actual Loops": 32,
                            "Index Cond": "(beacon_events.user_id = rp.user_id)",
                            "Shared Hit Blocks": 524,
                            "Shared Read Blocks": 0,
                            "Shared Dirtied Blocks": 0,
                            "Shared Written Blocks": 0,
                            "Local Hit Blocks": 0,
                            "Local Read Blocks": 0,
                            "Local Dirtied Blocks": 0,
                            "Local Written Blocks": 0,
                            "Temp Read Blocks": 0,
                            "Temp Written Blocks": 0
                        },
                        {
                            "Node Type": "Bitmap Index Scan",
                            "Parent Relationship": "Member",
                            "Parallel Aware": false,
                            "Index Name": "beacon_events_on_role_id",
                            "Startup Cost": 0.00,
                            "Total Cost": 232.11,
                            "Plan Rows": 13292,
                            "Plan Width": 0,
                            "Actual Startup Time": 1.716,
                            "Actual Total Time": 1.716,
                            "Actual Rows": 20893,
                            "Actual Loops": 32,
                            "Index Cond": "(beacon_events.role_id = beacon_roles.id)",
                            "Shared Hit Blocks": 1920,
                            "Shared Read Blocks": 0,
                            "Shared Dirtied Blocks": 0,
                            "Shared Written Blocks": 0,
                            "Local Hit Blocks": 0,
                            "Local Read Blocks": 0,
                            "Local Dirtied Blocks": 0,
                            "Local Written Blocks": 0,
                            "Temp Read Blocks": 0,
                            "Temp Written Blocks": 0
                        }
                        ]
                    }
                    ]
                }
                ]
            }
            ]
        }
        ]
    },
    {
        "Node Type": "Aggregate",
        "Strategy": "Plain",
        "Partial Mode": "Simple",
        "Parent Relationship": "SubPlan",
        "Subplan Name": "SubPlan 8",
        "Parallel Aware": false,
        "Startup Cost": 18.16,
        "Total Cost": 18.17,
        "Plan Rows": 1,
        "Plan Width": 32,
        "Actual Startup Time": 0.705,
        "Actual Total Time": 0.705,
        "Actual Rows": 1,
        "Actual Loops": 17,
        "Output": ["COALESCE(json_agg(r.*), '[]'::json)"],
        "Shared Hit Blocks": 2,
        "Shared Read Blocks": 0,
        "Shared Dirtied Blocks": 0,
        "Shared Written Blocks": 0,
        "Local Hit Blocks": 0,
        "Local Read Blocks": 0,
        "Local Dirtied Blocks": 0,
        "Local Written Blocks": 0,
        "Temp Read Blocks": 0,
        "Temp Written Blocks": 0,
        "Plans": [
        {
            "Node Type": "Subquery Scan",
            "Parent Relationship": "Outer",
            "Parallel Aware": false,
            "Alias": "r",
            "Startup Cost": 18.14,
            "Total Cost": 18.16,
            "Plan Rows": 1,
            "Plan Width": 68,
            "Actual Startup Time": 0.602,
            "Actual Total Time": 0.611,
            "Actual Rows": 25,
            "Actual Loops": 17,
            "Output": ["r.*"],
            "Shared Hit Blocks": 2,
            "Shared Read Blocks": 0,
            "Shared Dirtied Blocks": 0,
            "Shared Written Blocks": 0,
            "Local Hit Blocks": 0,
            "Local Read Blocks": 0,
            "Local Dirtied Blocks": 0,
            "Local Written Blocks": 0,
            "Temp Read Blocks": 0,
            "Temp Written Blocks": 0,
            "Plans": [
            {
                "Node Type": "Sort",
                "Parent Relationship": "Subquery",
                "Parallel Aware": false,
                "Startup Cost": 18.14,
                "Total Cost": 18.15,
                "Plan Rows": 1,
                "Plan Width": 76,
                "Actual Startup Time": 0.598,
                "Actual Total Time": 0.601,
                "Actual Rows": 25,
                "Actual Loops": 17,
                "Output": ["recent_positions.lon", "recent_positions.lat", "recent_positions.speed", "recent_positions.heading", "recent_positions.index", "(to_char(timezone(($8)::text, recent_positions.created_at), 'DD/MM/YY HH24:MI:SS'::text))"],
                "Sort Key": ["recent_positions.index"],
                "Sort Method": "quicksort",
                "Sort Space Used": 25,
                "Sort Space Type": "Memory",
                "Shared Hit Blocks": 2,
                "Shared Read Blocks": 0,
                "Shared Dirtied Blocks": 0,
                "Shared Written Blocks": 0,
                "Local Hit Blocks": 0,
                "Local Read Blocks": 0,
                "Local Dirtied Blocks": 0,
                "Local Written Blocks": 0,
                "Temp Read Blocks": 0,
                "Temp Written Blocks": 0,
                "Plans": [
                {
                    "Node Type": "Seq Scan",
                    "Parent Relationship": "InitPlan",
                    "Subplan Name": "InitPlan 7 (returns $8)",
                    "Parallel Aware": false,
                    "Relation Name": "projects",
                    "Schema": "public",
                    "Alias": "projects_3",
                    "Startup Cost": 0.00,
                    "Total Cost": 2.29,
                    "Plan Rows": 1,
                    "Plan Width": 32,
                    "Actual Startup Time": 0.010,
                    "Actual Total Time": 0.012,
                    "Actual Rows": 1,
                    "Actual Loops": 1,
                    "Output": ["projects_3.timezone"],
                    "Filter": "(projects_3.id = 17)",
                    "Rows Removed by Filter": 22,
                    "Shared Hit Blocks": 2,
                    "Shared Read Blocks": 0,
                    "Shared Dirtied Blocks": 0,
                    "Shared Written Blocks": 0,
                    "Local Hit Blocks": 0,
                    "Local Read Blocks": 0,
                    "Local Dirtied Blocks": 0,
                    "Local Written Blocks": 0,
                    "Temp Read Blocks": 0,
                    "Temp Written Blocks": 0
                },
                {
                    "Node Type": "CTE Scan",
                    "Parent Relationship": "Outer",
                    "Parallel Aware": false,
                    "CTE Name": "recent_positions",
                    "Alias": "recent_positions",
                    "Startup Cost": 0.00,
                    "Total Cost": 15.85,
                    "Plan Rows": 1,
                    "Plan Width": 76,
                    "Actual Startup Time": 0.293,
                    "Actual Total Time": 0.583,
                    "Actual Rows": 25,
                    "Actual Loops": 17,
                    "Output": ["recent_positions.lon", "recent_positions.lat", "recent_positions.speed", "recent_positions.heading", "recent_positions.index", "to_char(timezone(($8)::text, recent_positions.created_at), 'DD/MM/YY HH24:MI:SS'::text)"],
                    "Filter": "((recent_positions.index > 1) AND (recent_positions.created_at >= '2016-10-19 21:55:00'::timestamp without time zone) AND (recent_positions.created_at < '2016-10-19 22:00:00+00'::timestamp with time zone) AND (recent_positions.user_id = rp.user_id))",
                    "Rows Removed by Filter": 1822,
                    "Shared Hit Blocks": 2,
                    "Shared Read Blocks": 0,
                    "Shared Dirtied Blocks": 0,
                    "Shared Written Blocks": 0,
                    "Local Hit Blocks": 0,
                    "Local Read Blocks": 0,
                    "Local Dirtied Blocks": 0,
                    "Local Written Blocks": 0,
                    "Temp Read Blocks": 0,
                    "Temp Written Blocks": 0
                }
                ]
            }
            ]
        }
        ]
    }
    ]
  }, 
  "Planning Time": 2.659,
  "Triggers": [
  ],
  "Execution Time": 318.718
}
